Сборка начата 11.09.2024 20:42:47.
Уровень детализации журнала: Normal.     1>Проект "C:\лабы\Наркевич\КПО\lab_14\SE_Lab14\SE_Lab14\SE_Lab14.vcxproj" в узле 2 (целевые объекты Build).
     1>InitializeBuildStatus:
         Создание "x64\Debug\SE_Lab14.tlog\unsuccessfulbuild", так как было задано "AlwaysCreate".
         Обращение к "x64\Debug\SE_Lab14.tlog\unsuccessfulbuild".
       ClCompile:
         C:\Program Files\Microsoft Visual Studio\2022\Community\VC\Tools\MSVC\14.37.32822\bin\HostX64\x64\CL.exe /c /ZI /JMC /nologo /W3 /WX- /diagnostics:column /sdl /Od /D _DEBUG /D _CONSOLE /D _UNICODE /D UNICODE /Gm- /EHsc /RTC1 /MDd /GS /fp:precise /Zc:wchar_t /Zc:forScope /Zc:inline /permissive- /Fo"x64\Debug\\" /Fd"x64\Debug\vc143.pdb" /external:W3 /Gd /TP /FC /errorReport:prompt Error.cpp In.cpp Log.cpp Parm.cpp main.cpp
         Error.cpp
         In.cpp
     1>C:\лабы\Наркевич\КПО\lab_14\SE_Lab14\SE_Lab14\In.cpp(1,10): warning C4067: непредвиденные лексемы за директивой препроцессора, требуется newline
     1>C:\лабы\Наркевич\КПО\lab_14\SE_Lab14\SE_Lab14\In.cpp(2,10): warning C4067: непредвиденные лексемы за директивой препроцессора, требуется newline
     1>C:\лабы\Наркевич\КПО\lab_14\SE_Lab14\SE_Lab14\In.cpp(42,21): warning C4244: =: преобразование "wchar_t" в "unsigned char", возможна потеря данных
         Log.cpp
         Parm.cpp
     1>C:\лабы\Наркевич\КПО\lab_14\SE_Lab14\SE_Lab14\Parm.cpp(50,19): warning C4267: инициализация: преобразование из "size_t" в "short"; возможна потеря данных
     1>C:\лабы\Наркевич\КПО\lab_14\SE_Lab14\SE_Lab14\Parm.cpp(61,19): warning C4267: инициализация: преобразование из "size_t" в "short"; возможна потеря данных
         main.cpp
         Создание кода...
       Link:
         C:\Program Files\Microsoft Visual Studio\2022\Community\VC\Tools\MSVC\14.37.32822\bin\HostX64\x64\link.exe /ERRORREPORT:PROMPT /OUT:"C:\лабы\Наркевич\КПО\lab_14\SE_Lab14\x64\Debug\SE_Lab14.exe" /INCREMENTAL /ILK:"x64\Debug\SE_Lab14.ilk" /NOLOGO kernel32.lib user32.lib gdi32.lib winspool.lib comdlg32.lib advapi32.lib shell32.lib ole32.lib oleaut32.lib uuid.lib odbc32.lib odbccp32.lib /MANIFEST /MANIFESTUAC:"level='asInvoker' uiAccess='false'" /manifest:embed /DEBUG /PDB:"C:\лабы\Наркевич\КПО\lab_14\SE_Lab14\x64\Debug\SE_Lab14.pdb" /SUBSYSTEM:CONSOLE /TLBID:1 /DYNAMICBASE /NXCOMPAT /IMPLIB:"C:\лабы\Наркевич\КПО\lab_14\SE_Lab14\x64\Debug\SE_Lab14.lib" /MACHINE:X64 x64\Debug\Error.obj
         x64\Debug\In.obj
         x64\Debug\Log.obj
         x64\Debug\main.obj
         x64\Debug\Parm.obj
         LINK : не найден или не выполнена сборка C:\лабы\Наркевич\КПО\lab_14\SE_Lab14\x64\Debug\SE_Lab14.exe при последней инкрементной компоновке; выполняется полная компоновка
         SE_Lab14.vcxproj -> C:\лабы\Наркевич\КПО\lab_14\SE_Lab14\x64\Debug\SE_Lab14.exe
       FinalizeBuildStatus:
         Файл "x64\Debug\SE_Lab14.tlog\unsuccessfulbuild" удаляется.
         Обращение к "x64\Debug\SE_Lab14.tlog\SE_Lab14.lastbuildstate".
     1>Сборка проекта "C:\лабы\Наркевич\КПО\lab_14\SE_Lab14\SE_Lab14\SE_Lab14.vcxproj" завершена (целевые объекты Build).

Сборка успешно завершена.

       "C:\лабы\Наркевич\КПО\lab_14\SE_Lab14\SE_Lab14\SE_Lab14.vcxproj" (целевой объект Build ) (1) ->
       (Целевой объект ClCompile) -> 
         C:\лабы\Наркевич\КПО\lab_14\SE_Lab14\SE_Lab14\In.cpp(1,10): warning C4067: непредвиденные лексемы за директивой препроцессора, требуется newline
         C:\лабы\Наркевич\КПО\lab_14\SE_Lab14\SE_Lab14\In.cpp(2,10): warning C4067: непредвиденные лексемы за директивой препроцессора, требуется newline
         C:\лабы\Наркевич\КПО\lab_14\SE_Lab14\SE_Lab14\In.cpp(42,21): warning C4244: =: преобразование "wchar_t" в "unsigned char", возможна потеря данных
         C:\лабы\Наркевич\КПО\lab_14\SE_Lab14\SE_Lab14\Parm.cpp(50,19): warning C4267: инициализация: преобразование из "size_t" в "short"; возможна потеря данных
         C:\лабы\Наркевич\КПО\lab_14\SE_Lab14\SE_Lab14\Parm.cpp(61,19): warning C4267: инициализация: преобразование из "size_t" в "short"; возможна потеря данных

    Предупреждений: 5
    Ошибок: 0

Прошло времени 00:00:02.18
