Сборка начата 11.12.2024 20:24:01.
Уровень детализации журнала: Normal.     1>Проект "C:\лабы\Наркевич\КПО\KPO-3sem\KPO\asm4\SE_Asm04_asm\Serealizer\Serealizer.vcxproj" в узле 2 (целевые объекты Build).
     1>PrepareForBuild:
         Структурированный вывод включен. Форматирование диагностики компилятора будет отражать иерархию ошибок. Подробнее см. https://aka.ms/cpp/structured-output.
       InitializeBuildStatus:
         Создание "Debug\Serealizer.tlog\unsuccessfulbuild", так как было задано "AlwaysCreate".
         Обращение к "Debug\Serealizer.tlog\unsuccessfulbuild".
       ClCompile:
         C:\Program Files\Microsoft Visual Studio\2022\Community\VC\Tools\MSVC\14.41.34120\bin\HostX86\x86\CL.exe /c /ZI /JMC /nologo /W3 /WX- /diagnostics:column /sdl /Od /Oy- /D WIN32 /D _DEBUG /D _CONSOLE /D _UNICODE /D UNICODE /Gm- /EHsc /RTC1 /MDd /GS /fp:precise /Zc:wchar_t /Zc:forScope /Zc:inline /permissive- /Fo"Debug\\" /Fd"Debug\vc143.pdb" /external:W3 /Gd /TP /analyze- /FC /errorReport:prompt Serealizer.cpp
         Serealizer.cpp
       Link:
         C:\Program Files\Microsoft Visual Studio\2022\Community\VC\Tools\MSVC\14.41.34120\bin\HostX86\x86\link.exe /ERRORREPORT:PROMPT /OUT:"C:\лабы\Наркевич\КПО\KPO-3sem\KPO\asm4\SE_Asm04_asm\Debug\Serealizer.exe" /INCREMENTAL /ILK:"Debug\Serealizer.ilk" /NOLOGO kernel32.lib user32.lib gdi32.lib winspool.lib comdlg32.lib advapi32.lib shell32.lib ole32.lib oleaut32.lib uuid.lib odbc32.lib odbccp32.lib /MANIFEST /MANIFESTUAC:"level='asInvoker' uiAccess='false'" /manifest:embed /DEBUG /PDB:"C:\лабы\Наркевич\КПО\KPO-3sem\KPO\asm4\SE_Asm04_asm\Debug\Serealizer.pdb" /SUBSYSTEM:CONSOLE /TLBID:1 /DYNAMICBASE /NXCOMPAT /IMPLIB:"C:\лабы\Наркевич\КПО\KPO-3sem\KPO\asm4\SE_Asm04_asm\Debug\Serealizer.lib" /MACHINE:X86 Debug\Serealizer.obj
         Serealizer.vcxproj -> C:\лабы\Наркевич\КПО\KPO-3sem\KPO\asm4\SE_Asm04_asm\Debug\Serealizer.exe
       FinalizeBuildStatus:
         Файл "Debug\Serealizer.tlog\unsuccessfulbuild" удаляется.
         Обращение к "Debug\Serealizer.tlog\Serealizer.lastbuildstate".
     1>Сборка проекта "C:\лабы\Наркевич\КПО\KPO-3sem\KPO\asm4\SE_Asm04_asm\Serealizer\Serealizer.vcxproj" завершена (целевые объекты Build).

Сборка успешно завершена.
    Предупреждений: 0
    Ошибок: 0

Прошло времени 00:00:01.75
