Сборка начата 12.12.2024 23:50:00.
Уровень детализации журнала: Normal.     1>Проект "C:\лабы\Наркевич\КПО\KPO-3sem\KPO\asm5\SE_asm01\SE_asm01.vcxproj" в узле 2 (целевые объекты Build).
     1>PrepareForBuild:
         Структурированный вывод включен. Форматирование диагностики компилятора будет отражать иерархию ошибок. Подробнее см. https://aka.ms/cpp/structured-output.
       InitializeBuildStatus:
         Создание "Debug\SE_asm01.tlog\unsuccessfulbuild", так как было задано "AlwaysCreate".
         Обращение к "Debug\SE_asm01.tlog\unsuccessfulbuild".
       _MASM:
       Целевой объект "_MASM" пропускается, так как все выходные файлы актуальны по отношению к входным.
       Link:
         C:\Program Files\Microsoft Visual Studio\2022\Community\VC\Tools\MSVC\14.41.34120\bin\HostX86\x86\link.exe /ERRORREPORT:PROMPT /OUT:"C:\лабы\Наркевич\КПО\KPO-3sem\KPO\asm5\Debug\SE_asm01.exe" /INCREMENTAL /ILK:"Debug\SE_asm01.ilk" /NOLOGO kernel32.lib user32.lib gdi32.lib winspool.lib comdlg32.lib advapi32.lib shell32.lib ole32.lib oleaut32.lib uuid.lib odbc32.lib odbccp32.lib /MANIFEST /MANIFESTUAC:"level='asInvoker' uiAccess='false'" /manifest:embed /DEBUG /PDB:"C:\лабы\Наркевич\КПО\KPO-3sem\KPO\asm5\Debug\SE_asm01.pdb" /SUBSYSTEM:WINDOWS /TLBID:1 /DYNAMICBASE /NXCOMPAT /IMPLIB:"C:\лабы\Наркевич\КПО\KPO-3sem\KPO\asm5\Debug\SE_asm01.lib" /MACHINE:X86 Debug\SE_asm01.obj
         SE_asm01.vcxproj -> C:\лабы\Наркевич\КПО\KPO-3sem\KPO\asm5\Debug\SE_asm01.exe
       FinalizeBuildStatus:
         Файл "Debug\SE_asm01.tlog\unsuccessfulbuild" удаляется.
         Обращение к "Debug\SE_asm01.tlog\SE_asm01.lastbuildstate".
     1>Сборка проекта "C:\лабы\Наркевич\КПО\KPO-3sem\KPO\asm5\SE_asm01\SE_asm01.vcxproj" завершена (целевые объекты Build).

Сборка успешно завершена.
    Предупреждений: 0
    Ошибок: 0

Прошло времени 00:00:00.16
