Сборка начата 13.12.2024 10:24:54.
Уровень детализации журнала: Normal.     1>Проект "C:\лабы\Наркевич\КПО\KPO-3sem\KPO\lab_19\SE_asm01\SE_asm01.vcxproj" в узле 2 (целевые объекты Build).
     1>PrepareForBuild:
         Структурированный вывод включен. Форматирование диагностики компилятора будет отражать иерархию ошибок. Подробнее см. https://aka.ms/cpp/structured-output.
       InitializeBuildStatus:
         Создание "Debug\SE_asm01.tlog\unsuccessfulbuild", так как было задано "AlwaysCreate".
         Обращение к "Debug\SE_asm01.tlog\unsuccessfulbuild".
       _MASM:
         Assembling SE_asm01.asm...
         cmd.exe /C "C:\Users\Даниил\AppData\Local\Temp\tmpec8db416c56b446f96b778d0e0a80902.cmd"
         ml.exe /c /nologo /Zi /Fo"Debug\SE_asm01.obj" /Fl"Debug\\" /W3 /errorReport:prompt  /TaSE_asm01.asm
       Link:
         C:\Program Files\Microsoft Visual Studio\2022\Community\VC\Tools\MSVC\14.41.34120\bin\HostX86\x86\link.exe /ERRORREPORT:PROMPT /OUT:"C:\лабы\Наркевич\КПО\KPO-3sem\KPO\lab_19\Debug\SE_asm01.exe" /INCREMENTAL /ILK:"Debug\SE_asm01.ilk" /NOLOGO kernel32.lib user32.lib gdi32.lib winspool.lib comdlg32.lib advapi32.lib shell32.lib ole32.lib oleaut32.lib uuid.lib odbc32.lib odbccp32.lib /MANIFEST /MANIFESTUAC:"level='asInvoker' uiAccess='false'" /manifest:embed /DEBUG /PDB:"C:\лабы\Наркевич\КПО\KPO-3sem\KPO\lab_19\Debug\SE_asm01.pdb" /SUBSYSTEM:WINDOWS /TLBID:1 /DYNAMICBASE /NXCOMPAT /IMPLIB:"C:\лабы\Наркевич\КПО\KPO-3sem\KPO\lab_19\Debug\SE_asm01.lib" /MACHINE:X86 Debug\SE_asm01.obj
         SE_asm01.vcxproj -> C:\лабы\Наркевич\КПО\KPO-3sem\KPO\lab_19\Debug\SE_asm01.exe
       FinalizeBuildStatus:
         Файл "Debug\SE_asm01.tlog\unsuccessfulbuild" удаляется.
         Обращение к "Debug\SE_asm01.tlog\SE_asm01.lastbuildstate".
     1>Сборка проекта "C:\лабы\Наркевич\КПО\KPO-3sem\KPO\lab_19\SE_asm01\SE_asm01.vcxproj" завершена (целевые объекты Build).

Сборка успешно завершена.
    Предупреждений: 0
    Ошибок: 0

Прошло времени 00:00:00.96
