Сборка начата 20.11.2024 20:16:41.
Уровень детализации журнала: Normal.     1>Проект "C:\лабы\Наркевич\КПО\KPO-3sem\KPO\asm1\SE_Asm01\SE_Asm01\SE_Asm01.vcxproj" в узле 2 (целевые объекты Build).
     1>PrepareForBuild:
         Структурированный вывод включен. Форматирование диагностики компилятора будет отражать иерархию ошибок. Подробнее см. https://aka.ms/cpp/structured-output.
       InitializeBuildStatus:
         Обращение к "x64\Debug\SE_Asm01.tlog\unsuccessfulbuild".
       _MASM:
         Assembling LP_asm.asm...
         cmd.exe /C "C:\Users\Даниил\AppData\Local\Temp\tmp942d4b59216a4cf2a5d403f34127e2a0.cmd"
         ml64.exe /c /nologo /Zi /Fo"x64\Debug\LP_asm.obj" /Fl"C:\лабы\Мущук\ООП\OOP-3sem\2\ConsoleApp2" /W3 /errorReport:prompt  /TaLP_asm.asm
     1>LP_asm.asm(1): error A2008: syntax error : .
     1>LP_asm.asm(2): error A2008: syntax error : .
     1>LP_asm.asm(8): error A2008: syntax error : .
     1>LP_asm.asm(26): error A2008: syntax error : MessageBoxA
     1>LP_asm.asm(34): error A2008: syntax error : main
     1>LP_asm.asm(35): error A2088: END directive required at end of file
     1>C:\Program Files\Microsoft Visual Studio\2022\Community\MSBuild\Microsoft\VC\v170\BuildCustomizations\masm.targets(70,5): error MSB3721: выход из команды "ml64.exe /c /nologo /Zi /Fo"x64\Debug\LP_asm.obj" /Fl"C:\лабы\Мущук\ООП\OOP-3sem\2\ConsoleApp2" /W3 /errorReport:prompt  /TaLP_asm.asm" с кодом "1".
     1>Сборка проекта "C:\лабы\Наркевич\КПО\KPO-3sem\KPO\asm1\SE_Asm01\SE_Asm01\SE_Asm01.vcxproj" завершена (целевые объекты Build) с ошибкой.

Ошибка сборки.

       "C:\лабы\Наркевич\КПО\KPO-3sem\KPO\asm1\SE_Asm01\SE_Asm01\SE_Asm01.vcxproj" (целевой объект Build ) (1) ->
       (Целевой объект _MASM) -> 
         LP_asm.asm(1): error A2008: syntax error : .
         LP_asm.asm(2): error A2008: syntax error : .
         LP_asm.asm(8): error A2008: syntax error : .
         LP_asm.asm(26): error A2008: syntax error : MessageBoxA
         LP_asm.asm(34): error A2008: syntax error : main
         LP_asm.asm(35): error A2088: END directive required at end of file
         C:\Program Files\Microsoft Visual Studio\2022\Community\MSBuild\Microsoft\VC\v170\BuildCustomizations\masm.targets(70,5): error MSB3721: выход из команды "ml64.exe /c /nologo /Zi /Fo"x64\Debug\LP_asm.obj" /Fl"C:\лабы\Мущук\ООП\OOP-3sem\2\ConsoleApp2" /W3 /errorReport:prompt  /TaLP_asm.asm" с кодом "1".

    Предупреждений: 0
    Ошибок: 7

Прошло времени 00:00:00.23
