Сборка начата 11.12.2024 20:24:16.
Уровень детализации журнала: Normal.     1>Проект "C:\лабы\Наркевич\КПО\KPO-3sem\KPO\asm4\SE_Asm04_asm\SE_Asm04_asm\SE_Asm04_asm.vcxproj" в узле 2 (целевые объекты Build).
     1>PrepareForBuild:
         Структурированный вывод включен. Форматирование диагностики компилятора будет отражать иерархию ошибок. Подробнее см. https://aka.ms/cpp/structured-output.
       InitializeBuildStatus:
         Создание "Debug\SE_Asm04_asm.tlog\unsuccessfulbuild", так как было задано "AlwaysCreate".
         Обращение к "Debug\SE_Asm04_asm.tlog\unsuccessfulbuild".
       _MASM:
         Assembling data.asm...
         cmd.exe /C "C:\Users\Даниил\AppData\Local\Temp\tmpa6bfb2470d7c4d0ea2ec78a5b1d98b7e.cmd"
         ml.exe /c /nologo /Zi /Fo"Debug\data.obj" /W3 /errorReport:prompt  /Tadata.asm
       Link:
         C:\Program Files\Microsoft Visual Studio\2022\Community\VC\Tools\MSVC\14.41.34120\bin\HostX86\x86\link.exe /ERRORREPORT:PROMPT /OUT:"C:\лабы\Наркевич\КПО\KPO-3sem\KPO\asm4\SE_Asm04_asm\Debug\SE_Asm04_asm.exe" /INCREMENTAL /ILK:"Debug\SE_Asm04_asm.ilk" /NOLOGO kernel32.lib user32.lib gdi32.lib winspool.lib comdlg32.lib advapi32.lib shell32.lib ole32.lib oleaut32.lib uuid.lib odbc32.lib odbccp32.lib /MANIFEST /MANIFESTUAC:"level='asInvoker' uiAccess='false'" /manifest:embed /DEBUG /PDB:"C:\лабы\Наркевич\КПО\KPO-3sem\KPO\asm4\SE_Asm04_asm\Debug\SE_Asm04_asm.pdb" /SUBSYSTEM:CONSOLE /TLBID:1 /DYNAMICBASE /NXCOMPAT /IMPLIB:"C:\лабы\Наркевич\КПО\KPO-3sem\KPO\asm4\SE_Asm04_asm\Debug\SE_Asm04_asm.lib" /MACHINE:X86 Debug\data.obj
         SE_Asm04_asm.vcxproj -> C:\лабы\Наркевич\КПО\KPO-3sem\KPO\asm4\SE_Asm04_asm\Debug\SE_Asm04_asm.exe
       FinalizeBuildStatus:
         Файл "Debug\SE_Asm04_asm.tlog\unsuccessfulbuild" удаляется.
         Обращение к "Debug\SE_Asm04_asm.tlog\SE_Asm04_asm.lastbuildstate".
     1>Сборка проекта "C:\лабы\Наркевич\КПО\KPO-3sem\KPO\asm4\SE_Asm04_asm\SE_Asm04_asm\SE_Asm04_asm.vcxproj" завершена (целевые объекты Build).

Сборка успешно завершена.
    Предупреждений: 0
    Ошибок: 0

Прошло времени 00:00:00.81
