Сборка начата 11.12.2024 20:11:54.
Уровень детализации журнала: Normal.     1>Проект "C:\лабы\Наркевич\КПО\KPO-3sem\KPO\asm4\SE_Asm04_asm\Deserealizer\Deserealizer.vcxproj" в узле 2 (целевые объекты Build).
     1>PrepareForBuild:
         Структурированный вывод включен. Форматирование диагностики компилятора будет отражать иерархию ошибок. Подробнее см. https://aka.ms/cpp/structured-output.
       InitializeBuildStatus:
         Создание "Debug\Deserealizer.tlog\unsuccessfulbuild", так как было задано "AlwaysCreate".
         Обращение к "Debug\Deserealizer.tlog\unsuccessfulbuild".
       ClCompile:
         C:\Program Files\Microsoft Visual Studio\2022\Community\VC\Tools\MSVC\14.41.34120\bin\HostX86\x86\CL.exe /c /ZI /JMC /nologo /W3 /WX- /diagnostics:column /sdl /Od /Oy- /D WIN32 /D _DEBUG /D _CONSOLE /D _UNICODE /D UNICODE /Gm- /EHsc /RTC1 /MDd /GS /fp:precise /Zc:wchar_t /Zc:forScope /Zc:inline /permissive- /Fo"Debug\\" /Fd"Debug\vc143.pdb" /external:W3 /Gd /TP /analyze- /FC /errorReport:prompt Deserealizer.cpp
         Deserealizer.cpp
       Link:
         C:\Program Files\Microsoft Visual Studio\2022\Community\VC\Tools\MSVC\14.41.34120\bin\HostX86\x86\link.exe /ERRORREPORT:PROMPT /OUT:"C:\лабы\Наркевич\КПО\KPO-3sem\KPO\asm4\SE_Asm04_asm\Debug\Deserealizer.exe" /INCREMENTAL /ILK:"Debug\Deserealizer.ilk" /NOLOGO kernel32.lib user32.lib gdi32.lib winspool.lib comdlg32.lib advapi32.lib shell32.lib ole32.lib oleaut32.lib uuid.lib odbc32.lib odbccp32.lib /MANIFEST /MANIFESTUAC:"level='asInvoker' uiAccess='false'" /manifest:embed /DEBUG /PDB:"C:\лабы\Наркевич\КПО\KPO-3sem\KPO\asm4\SE_Asm04_asm\Debug\Deserealizer.pdb" /SUBSYSTEM:CONSOLE /TLBID:1 /DYNAMICBASE /NXCOMPAT /IMPLIB:"C:\лабы\Наркевич\КПО\KPO-3sem\KPO\asm4\SE_Asm04_asm\Debug\Deserealizer.lib" /MACHINE:X86 Debug\Deserealizer.obj
         Deserealizer.vcxproj -> C:\лабы\Наркевич\КПО\KPO-3sem\KPO\asm4\SE_Asm04_asm\Debug\Deserealizer.exe
       FinalizeBuildStatus:
         Файл "Debug\Deserealizer.tlog\unsuccessfulbuild" удаляется.
         Обращение к "Debug\Deserealizer.tlog\Deserealizer.lastbuildstate".
     1>Сборка проекта "C:\лабы\Наркевич\КПО\KPO-3sem\KPO\asm4\SE_Asm04_asm\Deserealizer\Deserealizer.vcxproj" завершена (целевые объекты Build).

Сборка успешно завершена.
    Предупреждений: 0
    Ошибок: 0

Прошло времени 00:00:00.78
