Сборка начата 22.11.2024 18:25:16.
Уровень детализации журнала: Normal.     1>Проект "C:\лабы\Наркевич\КПО\KPO-3sem\KPO\asm1\SE_Asm01\SE_Asm01\SE_Asm01.vcxproj" в узле 2 (целевые объекты Build).
     1>PrepareForBuild:
         Структурированный вывод включен. Форматирование диагностики компилятора будет отражать иерархию ошибок. Подробнее см. https://aka.ms/cpp/structured-output.
       InitializeBuildStatus:
         Создание "Debug\SE_Asm01.tlog\unsuccessfulbuild", так как было задано "AlwaysCreate".
         Обращение к "Debug\SE_Asm01.tlog\unsuccessfulbuild".
       _MASM:
         Assembling LP_asm.asm...
         cmd.exe /C "C:\Users\Даниил\AppData\Local\Temp\tmp121ed0086ef9472db567759632fa0711.cmd"
         ml.exe /c /nologo /Zi /Fo"Debug\LP_asm.obj" /Fl"C:\лабы\Наркевич\КПО\KPO-3sem\KPO\asm1\SE_Asm01" /W3 /errorReport:prompt  /TaLP_asm.asm
       Link:
         C:\Program Files\Microsoft Visual Studio\2022\Community\VC\Tools\MSVC\14.41.34120\bin\HostX86\x86\link.exe /ERRORREPORT:PROMPT /OUT:"C:\лабы\Наркевич\КПО\KPO-3sem\KPO\asm1\SE_Asm01\Debug\SE_Asm01.exe" /INCREMENTAL /ILK:"Debug\SE_Asm01.ilk" /NOLOGO kernel32.lib user32.lib gdi32.lib winspool.lib comdlg32.lib advapi32.lib shell32.lib ole32.lib oleaut32.lib uuid.lib odbc32.lib odbccp32.lib /MANIFEST /MANIFESTUAC:"level='asInvoker' uiAccess='false'" /manifest:embed /DEBUG /PDB:"C:\лабы\Наркевич\КПО\KPO-3sem\KPO\asm1\SE_Asm01\Debug\SE_Asm01.pdb" /SUBSYSTEM:WINDOWS /TLBID:1 /DYNAMICBASE /NXCOMPAT /IMPLIB:"C:\лабы\Наркевич\КПО\KPO-3sem\KPO\asm1\SE_Asm01\Debug\SE_Asm01.lib" /MACHINE:X86 Debug\LP_asm.obj
         SE_Asm01.vcxproj -> C:\лабы\Наркевич\КПО\KPO-3sem\KPO\asm1\SE_Asm01\Debug\SE_Asm01.exe
       FinalizeBuildStatus:
         Файл "Debug\SE_Asm01.tlog\unsuccessfulbuild" удаляется.
         Обращение к "Debug\SE_Asm01.tlog\SE_Asm01.lastbuildstate".
     1>Сборка проекта "C:\лабы\Наркевич\КПО\KPO-3sem\KPO\asm1\SE_Asm01\SE_Asm01\SE_Asm01.vcxproj" завершена (целевые объекты Build).

Сборка успешно завершена.
    Предупреждений: 0
    Ошибок: 0

Прошло времени 00:00:00.93
