Сборка начата 12.12.2024 23:39:46.
Уровень детализации журнала: Normal.     1>Проект "C:\лабы\Наркевич\КПО\KPO-3sem\KPO\lab_19\SE_asm01a\SE_asm01a.vcxproj" в узле 2 (целевые объекты Build).
     1>PrepareForBuild:
         Структурированный вывод включен. Форматирование диагностики компилятора будет отражать иерархию ошибок. Подробнее см. https://aka.ms/cpp/structured-output.
       InitializeBuildStatus:
         Создание "Debug\SE_asm01a.tlog\unsuccessfulbuild", так как было задано "AlwaysCreate".
         Обращение к "Debug\SE_asm01a.tlog\unsuccessfulbuild".
       _MASM:
         Assembling SE_asm01a.asm...
         cmd.exe /C "C:\Users\Даниил\AppData\Local\Temp\tmp1b274350364d4228b9bbdc293825b0c0.cmd"
         ml.exe /c /nologo /Zi /Fo"Debug\SE_asm01a.obj" /Fl"Debug\\" /W3 /errorReport:prompt  /TaSE_asm01a.asm
       Lib:
         C:\Program Files\Microsoft Visual Studio\2022\Community\VC\Tools\MSVC\14.41.34120\bin\HostX86\x86\Lib.exe /OUT:"C:\лабы\Наркевич\КПО\KPO-3sem\KPO\lab_19\Debug\SE_asm01a.lib" /NOLOGO /MACHINE:X86 Debug\SE_asm01a.obj
         SE_asm01a.vcxproj -> C:\лабы\Наркевич\КПО\KPO-3sem\KPO\lab_19\Debug\SE_asm01a.lib
       FinalizeBuildStatus:
         Файл "Debug\SE_asm01a.tlog\unsuccessfulbuild" удаляется.
         Обращение к "Debug\SE_asm01a.tlog\SE_asm01a.lastbuildstate".
     1>Сборка проекта "C:\лабы\Наркевич\КПО\KPO-3sem\KPO\lab_19\SE_asm01a\SE_asm01a.vcxproj" завершена (целевые объекты Build).

Сборка успешно завершена.
    Предупреждений: 0
    Ошибок: 0

Прошло времени 00:00:00.32
