Сборка начата 22.11.2024 18:38:26.
Уровень детализации журнала: Normal.     1>Проект "C:\лабы\Наркевич\КПО\KPO-3sem\KPO\asm2\SE_Asm2\SE_Asm02\SE_Asm02\SE_Asm02.vcxproj" в узле 2 (целевые объекты Build).
     1>PrepareForBuild:
         Структурированный вывод включен. Форматирование диагностики компилятора будет отражать иерархию ошибок. Подробнее см. https://aka.ms/cpp/structured-output.
       InitializeBuildStatus:
         Создание "Debug\SE_Asm02.tlog\unsuccessfulbuild", так как было задано "AlwaysCreate".
         Обращение к "Debug\SE_Asm02.tlog\unsuccessfulbuild".
       _MASM:
         Assembling SE_Asm.asm...
         cmd.exe /C "C:\Users\Даниил\AppData\Local\Temp\tmp2234e97afbae4da7aeceb8b7043053c2.cmd"
         ml.exe /c /nologo /Zi /Fo"Debug\SE_Asm.obj" /Fl"IntDir" /W3 /errorReport:prompt  /TaSE_Asm.asm
       Link:
         C:\Program Files\Microsoft Visual Studio\2022\Community\VC\Tools\MSVC\14.41.34120\bin\HostX86\x86\link.exe /ERRORREPORT:PROMPT /OUT:"C:\лабы\Наркевич\КПО\KPO-3sem\KPO\asm2\SE_Asm2\SE_Asm02\Debug\SE_Asm02.exe" /INCREMENTAL /ILK:"Debug\SE_Asm02.ilk" /NOLOGO kernel32.lib user32.lib gdi32.lib winspool.lib comdlg32.lib advapi32.lib shell32.lib ole32.lib oleaut32.lib uuid.lib odbc32.lib odbccp32.lib /MANIFEST /MANIFESTUAC:"level='asInvoker' uiAccess='false'" /manifest:embed /DEBUG /PDB:"C:\лабы\Наркевич\КПО\KPO-3sem\KPO\asm2\SE_Asm2\SE_Asm02\Debug\SE_Asm02.pdb" /SUBSYSTEM:WINDOWS /TLBID:1 /DYNAMICBASE /NXCOMPAT /IMPLIB:"C:\лабы\Наркевич\КПО\KPO-3sem\KPO\asm2\SE_Asm2\SE_Asm02\Debug\SE_Asm02.lib" /MACHINE:X86 Debug\SE_Asm.obj
         SE_Asm02.vcxproj -> C:\лабы\Наркевич\КПО\KPO-3sem\KPO\asm2\SE_Asm2\SE_Asm02\Debug\SE_Asm02.exe
       FinalizeBuildStatus:
         Файл "Debug\SE_Asm02.tlog\unsuccessfulbuild" удаляется.
         Обращение к "Debug\SE_Asm02.tlog\SE_Asm02.lastbuildstate".
     1>Сборка проекта "C:\лабы\Наркевич\КПО\KPO-3sem\KPO\asm2\SE_Asm2\SE_Asm02\SE_Asm02\SE_Asm02.vcxproj" завершена (целевые объекты Build).

Сборка успешно завершена.
    Предупреждений: 0
    Ошибок: 0

Прошло времени 00:00:01.19
